<?xml version="1.0" encoding="UTF-8"?>
<!-- Generated by org.testng.reporters.JUnitReportReporter -->
<testsuite hostname="Agema-Zamirbekova.local" failures="0" tests="9" name="talentLMS.importExportTest.ImportTest" time="40.499" errors="0" timestamp="2025-02-12T16:29:43 KGT" skipped="0">
  <testcase classname="talentLMS.importExportTest.ImportTest" name="importAndDownloadTest" time="6.157"/>
  <testcase classname="talentLMS.importExportTest.ImportTest" name="importAndDownloadNegativeTest" time="3.421"/>
  <testcase classname="talentLMS.importExportTest.ImportTest" name="useAllReadyMadeExamplesTest" time="5.483"/>
  <testcase classname="talentLMS.importExportTest.ImportTest" name="verifyImportButtonIsDisabled" time="3.252"/>
  <testcase classname="talentLMS.importExportTest.ImportTest" name="importOrCancel" time="5.932"/>
  <testcase classname="talentLMS.importExportTest.ImportTest" name="verifySampleExcelFileIsClickable" time="3.004"/>
  <testcase classname="talentLMS.importExportTest.ImportTest" name="verifyImportButtonDisabledDuringUpload" time="3.042"/>
  <testcase classname="talentLMS.importExportTest.ImportTest" name="verifyClearFileUpload" time="4.019"/>
  <testcase classname="talentLMS.importExportTest.ImportTest" name="verifySuccessMessageAfterImport" time="6.189"/>
</testsuite> <!-- talentLMS.importExportTest.ImportTest -->
